2020-07-06 12:42:17.637  INFO 4696 --- [main] c.t.j.SpringBootHelloWorldApplication    : Starting SpringBootHelloWorldApplication on Ricky-PC with PID 4696 (D:\project567\spring-boot-jwt-JPA\target\classes started by Ricky in D:\project567\spring-boot-jwt-JPA)
2020-07-06 12:42:17.647  INFO 4696 --- [main] c.t.j.SpringBootHelloWorldApplication    : No active profile set, falling back to default profiles: default
2020-07-06 12:42:19.147  INFO 4696 --- [main] .s.d.r.c.RepositoryConfigurationDelegate : Bootstrapping Spring Data repositories in DEFAULT mode.
2020-07-06 12:42:19.298  INFO 4696 --- [main] .s.d.r.c.RepositoryConfigurationDelegate : Finished Spring Data repository scanning in 130ms. Found 1 repository interfaces.
2020-07-06 12:42:20.048  INFO 4696 --- [main] trationDelegate$BeanPostProcessorChecker : Bean 'org.springframework.transaction.annotation.ProxyTransactionManagementConfiguration' of type [org.springframework.transaction.annotation.ProxyTransactionManagementConfiguration$$EnhancerBySpringCGLIB$$2e26d7ee] is not eligible for getting processed by all BeanPostProcessors (for example: not eligible for auto-proxying)
2020-07-06 12:42:20.138  INFO 4696 --- [main] trationDelegate$BeanPostProcessorChecker : Bean 'org.springframework.security.config.annotation.configuration.ObjectPostProcessorConfiguration' of type [org.springframework.security.config.annotation.configuration.ObjectPostProcessorConfiguration$$EnhancerBySpringCGLIB$$c6d4a028] is not eligible for getting processed by all BeanPostProcessors (for example: not eligible for auto-proxying)
2020-07-06 12:42:20.148  INFO 4696 --- [main] trationDelegate$BeanPostProcessorChecker : Bean 'objectPostProcessor' of type [org.springframework.security.config.annotation.configuration.AutowireBeanFactoryObjectPostProcessor] is not eligible for getting processed by all BeanPostProcessors (for example: not eligible for auto-proxying)
2020-07-06 12:42:20.158  INFO 4696 --- [main] trationDelegate$BeanPostProcessorChecker : Bean 'org.springframework.security.access.expression.method.DefaultMethodSecurityExpressionHandler@3961a41a' of type [org.springframework.security.access.expression.method.DefaultMethodSecurityExpressionHandler] is not eligible for getting processed by all BeanPostProcessors (for example: not eligible for auto-proxying)
2020-07-06 12:42:20.158  INFO 4696 --- [main] trationDelegate$BeanPostProcessorChecker : Bean 'org.springframework.security.config.annotation.method.configuration.GlobalMethodSecurityConfiguration' of type [org.springframework.security.config.annotation.method.configuration.GlobalMethodSecurityConfiguration$$EnhancerBySpringCGLIB$$eba942da] is not eligible for getting processed by all BeanPostProcessors (for example: not eligible for auto-proxying)
2020-07-06 12:42:20.168  INFO 4696 --- [main] trationDelegate$BeanPostProcessorChecker : Bean 'methodSecurityMetadataSource' of type [org.springframework.security.access.method.DelegatingMethodSecurityMetadataSource] is not eligible for getting processed by all BeanPostProcessors (for example: not eligible for auto-proxying)
2020-07-06 12:42:20.845  INFO 4696 --- [main] o.s.b.w.embedded.tomcat.TomcatWebServer  : Tomcat initialized with port(s): 8080 (http)
2020-07-06 12:42:20.905  INFO 4696 --- [main] o.apache.catalina.core.StandardService   : Starting service [Tomcat]
2020-07-06 12:42:20.905  INFO 4696 --- [main] org.apache.catalina.core.StandardEngine  : Starting Servlet Engine: Apache Tomcat/9.0.13
2020-07-06 12:42:20.915  INFO 4696 --- [main] o.a.catalina.core.AprLifecycleListener   : The APR based Apache Tomcat Native library which allows optimal performance in production environments was not found on the java.library.path: [C:\Program Files\Java\jre1.8.0_162\bin;C:\Windows\Sun\Java\bin;C:\Windows\system32;C:\Windows;C:/Program Files/Java/jre1.8.0_162/bin/server;C:/Program Files/Java/jre1.8.0_162/bin;C:/Program Files/Java/jre1.8.0_162/lib/amd64;C:\ProgramData\Oracle\Java\javapath;C:\Windows\system32;C:\Windows;C:\Windows\System32\Wbem;C:\Windows\System32\WindowsPowerShell\v1.0\;C:\Program Files (x86)\Brackets\command;C:\Program Files\nodejs\;C:\Users\Ricky\AppData\Roaming\npm;C:\Users\Ricky\Desktop\sts-4.6.0.RELEASE;;.]
2020-07-06 12:42:21.135  INFO 4696 --- [main] o.a.c.c.C.[Tomcat].[localhost].[/]       : Initializing Spring embedded WebApplicationContext
2020-07-06 12:42:21.135  INFO 4696 --- [main] o.s.web.context.ContextLoader            : Root WebApplicationContext: initialization completed in 3407 ms
2020-07-06 12:42:21.565  INFO 4696 --- [main] com.zaxxer.hikari.HikariDataSource       : HikariPool-1 - Starting...
2020-07-06 12:42:21.846  INFO 4696 --- [main] com.zaxxer.hikari.HikariDataSource       : HikariPool-1 - Start completed.
2020-07-06 12:42:21.956  INFO 4696 --- [main] o.hibernate.jpa.internal.util.LogHelper  : HHH000204: Processing PersistenceUnitInfo [
	name: default
	...]
2020-07-06 12:42:22.298  INFO 4696 --- [main] org.hibernate.Version                    : HHH000412: Hibernate Core {5.3.7.Final}
2020-07-06 12:42:22.298  INFO 4696 --- [main] org.hibernate.cfg.Environment            : HHH000206: hibernate.properties not found
2020-07-06 12:42:22.620  INFO 4696 --- [main] o.hibernate.annotations.common.Version   : HCANN000001: Hibernate Commons Annotations {5.0.4.Final}
2020-07-06 12:42:22.936  INFO 4696 --- [main] org.hibernate.dialect.Dialect            : HHH000400: Using dialect: org.hibernate.dialect.MySQL5Dialect
2020-07-06 12:42:25.048  INFO 4696 --- [main] o.h.t.schema.internal.SchemaCreatorImpl  : HHH000476: Executing import script 'org.hibernate.tool.schema.internal.exec.ScriptSourceInputNonExistentImpl@787e4357'
2020-07-06 12:42:25.068  INFO 4696 --- [main] j.LocalContainerEntityManagerFactoryBean : Initialized JPA EntityManagerFactory for persistence unit 'default'
2020-07-06 12:42:26.563  INFO 4696 --- [main] o.s.s.web.DefaultSecurityFilterChain     : Creating filter chain: any request, [org.springframework.security.web.context.request.async.WebAsyncManagerIntegrationFilter@4245bf68, org.springframework.security.web.context.SecurityContextPersistenceFilter@4ee8051c, org.springframework.security.web.header.HeaderWriterFilter@1c7f9861, org.springframework.security.web.authentication.logout.LogoutFilter@6ce26986, com.task.java.config.JwtRequestFilter@3815146b, org.springframework.security.web.savedrequest.RequestCacheAwareFilter@53016b11, org.springframework.security.web.servletapi.SecurityContextHolderAwareRequestFilter@ad3f70a, org.springframework.security.web.authentication.AnonymousAuthenticationFilter@45bbc52f, org.springframework.security.web.session.SessionManagementFilter@6e3dd5ce, org.springframework.security.web.access.ExceptionTranslationFilter@191ec193, org.springframework.security.web.access.intercept.FilterSecurityInterceptor@6c07ad6b]
2020-07-06 12:42:27.033  INFO 4696 --- [main] o.s.s.concurrent.ThreadPoolTaskExecutor  : Initializing ExecutorService 'applicationTaskExecutor'
2020-07-06 12:42:27.133  WARN 4696 --- [main] aWebConfiguration$JpaWebMvcConfiguration : spring.jpa.open-in-view is enabled by default. Therefore, database queries may be performed during view rendering. Explicitly configure spring.jpa.open-in-view to disable this warning
2020-07-06 12:42:27.675  INFO 4696 --- [main] o.s.b.w.embedded.tomcat.TomcatWebServer  : Tomcat started on port(s): 8080 (http) with context path ''
2020-07-06 12:42:27.685  INFO 4696 --- [main] c.t.j.SpringBootHelloWorldApplication    : Started SpringBootHelloWorldApplication in 10.818 seconds (JVM running for 12.226)
2020-07-06 12:58:32.302  INFO 4696 --- [RMI TCP Connection(4)-127.0.0.1] inMXBeanRegistrar$SpringApplicationAdmin : Application shutdown requested.
2020-07-06 12:58:32.307  INFO 4696 --- [RMI TCP Connection(4)-127.0.0.1] o.s.s.concurrent.ThreadPoolTaskExecutor  : Shutting down ExecutorService 'applicationTaskExecutor'
2020-07-06 12:58:32.312  INFO 4696 --- [RMI TCP Connection(4)-127.0.0.1] j.LocalContainerEntityManagerFactoryBean : Closing JPA EntityManagerFactory for persistence unit 'default'
2020-07-06 12:58:32.312  INFO 4696 --- [RMI TCP Connection(4)-127.0.0.1] .SchemaDropperImpl$DelayedDropActionImpl : HHH000477: Starting delayed evictData of schema as part of SessionFactory shut-down'
2020-07-06 12:58:33.745  INFO 4696 --- [RMI TCP Connection(4)-127.0.0.1] com.zaxxer.hikari.HikariDataSource       : HikariPool-1 - Shutdown initiated...
2020-07-06 12:58:33.766  INFO 4696 --- [RMI TCP Connection(4)-127.0.0.1] com.zaxxer.hikari.HikariDataSource       : HikariPool-1 - Shutdown completed.
